<?xml version="1.0" encoding="UTF-8"?>
<testng-results ignored="0" total="1" passed="1" failed="0" skipped="0">
  <reporter-output>
  </reporter-output>
  <suite started-at="2022-09-27T10:20:50 IST" name="Default suite" finished-at="2022-09-27T10:21:21 IST" duration-ms="31241">
    <groups>
    </groups>
    <test started-at="2022-09-27T10:20:50 IST" name="Default test" finished-at="2022-09-27T10:21:21 IST" duration-ms="31241">
      <class name="com.testLater.IMDBtest">
        <test-method is-config="true" signature="setup()[pri:0, instance:com.testLater.IMDBtest@1ab3a8c8]" started-at="2022-09-27T10:20:50 IST" name="setup" finished-at="2022-09-27T10:21:07 IST" duration-ms="16487" status="PASS">
          <reporter-output>
          </reporter-output>
        </test-method> <!-- setup -->
        <test-method signature="testIMDB()[pri:0, instance:com.testLater.IMDBtest@1ab3a8c8]" started-at="2022-09-27T10:21:07 IST" name="testIMDB" finished-at="2022-09-27T10:21:18 IST" duration-ms="11457" status="PASS">
          <reporter-output>
          </reporter-output>
        </test-method> <!-- testIMDB -->
        <test-method is-config="true" signature="tearUp()[pri:0, instance:com.testLater.IMDBtest@1ab3a8c8]" started-at="2022-09-27T10:21:18 IST" name="tearUp" finished-at="2022-09-27T10:21:21 IST" duration-ms="3013" status="PASS">
          <reporter-output>
          </reporter-output>
        </test-method> <!-- tearUp -->
      </class> <!-- com.testLater.IMDBtest -->
    </test> <!-- Default test -->
  </suite> <!-- Default suite -->
</testng-results>
